00:34:33.969+0900 [main] INFO  bibimbap.openstack.imageboard.ImageboardApplication - Starting ImageboardApplication using Java 17.0.3 on jaeminui-MacBookPro.local with PID 22989 (/Users/jaemin/Desktop/imageboard/team1-imageboard/out/production/classes started by jaemin in /Users/jaemin/Desktop/imageboard/team1-imageboard)
00:34:33.974+0900 [main] INFO  bibimbap.openstack.imageboard.ImageboardApplication - No active profile set, falling back to 1 default profile: "default"
00:34:34.274+0900 [main] INFO  org.springframework.data.repository.config.RepositoryConfigurationDelegate - Bootstrapping Spring Data JPA repositories in DEFAULT mode.
00:34:34.298+0900 [main] INFO  org.springframework.data.repository.config.RepositoryConfigurationDelegate - Finished Spring Data repository scanning in 20 ms. Found 4 JPA repository interfaces.
00:34:34.528+0900 [main] INFO  org.springframework.boot.web.embedded.tomcat.TomcatWebServer - Tomcat initialized with port(s): 8080 (http)
00:34:34.533+0900 [main] INFO  org.apache.coyote.http11.Http11NioProtocol - Initializing ProtocolHandler ["http-nio-8080"]
00:34:34.533+0900 [main] INFO  org.apache.catalina.core.StandardService - Starting service [Tomcat]
00:34:34.534+0900 [main] INFO  org.apache.catalina.core.StandardEngine - Starting Servlet engine: [Apache Tomcat/9.0.62]
00:34:34.575+0900 [main] INFO  org.apache.catalina.core.ContainerBase.[Tomcat].[localhost].[/] - Initializing Spring embedded WebApplicationContext
00:34:34.575+0900 [main] INFO  org.springframework.boot.web.servlet.context.ServletWebServerApplicationContext - Root WebApplicationContext: initialization completed in 585 ms
00:34:34.656+0900 [main] INFO  org.hibernate.jpa.internal.util.LogHelper - HHH000204: Processing PersistenceUnitInfo [name: default]
00:34:34.678+0900 [main] INFO  org.hibernate.Version - HHH000412: Hibernate ORM core version 5.6.8.Final
00:34:34.738+0900 [main] INFO  org.hibernate.annotations.common.Version - HCANN000001: Hibernate Commons Annotations {5.1.2.Final}
00:34:34.775+0900 [main] INFO  com.zaxxer.hikari.HikariDataSource - HikariPool-1 - Starting...
00:34:35.360+0900 [main] INFO  com.zaxxer.hikari.HikariDataSource - HikariPool-1 - Start completed.
00:34:35.367+0900 [main] INFO  org.hibernate.dialect.Dialect - HHH000400: Using dialect: org.hibernate.dialect.MySQL5InnoDBDialect
00:34:35.825+0900 [main] INFO  org.hibernate.engine.transaction.jta.platform.internal.JtaPlatformInitiator - HHH000490: Using JtaPlatform implementation: [org.hibernate.engine.transaction.jta.platform.internal.NoJtaPlatform]
00:34:35.830+0900 [main] INFO  org.springframework.orm.jpa.LocalContainerEntityManagerFactoryBean - Initialized JPA EntityManagerFactory for persistence unit 'default'
00:34:36.146+0900 [main] WARN  org.springframework.security.config.annotation.web.builders.WebSecurity - You are asking Spring Security to ignore Ant [pattern='/h2-console/**']. This is not recommended -- please use permitAll via HttpSecurity#authorizeHttpRequests instead.
00:34:36.146+0900 [main] INFO  org.springframework.security.web.DefaultSecurityFilterChain - Will not secure Ant [pattern='/h2-console/**']
00:34:36.163+0900 [main] INFO  org.springframework.security.web.DefaultSecurityFilterChain - Will secure any request with [org.springframework.security.web.context.request.async.WebAsyncManagerIntegrationFilter@1a22c1ba, org.springframework.security.web.context.SecurityContextPersistenceFilter@1ba98508, org.springframework.security.web.header.HeaderWriterFilter@3a012678, org.springframework.security.web.authentication.logout.LogoutFilter@1afabf06, bibimbap.openstack.imageboard.security.JwtFilter@4930213b, org.springframework.security.web.savedrequest.RequestCacheAwareFilter@524dd373, org.springframework.security.web.servletapi.SecurityContextHolderAwareRequestFilter@b791e6e, org.springframework.security.web.authentication.AnonymousAuthenticationFilter@67372d20, org.springframework.security.web.session.SessionManagementFilter@2c86b0ea, org.springframework.security.web.access.ExceptionTranslationFilter@2681185e, org.springframework.security.web.access.intercept.FilterSecurityInterceptor@430db481]
00:34:36.486+0900 [main] INFO  org.apache.coyote.http11.Http11NioProtocol - Starting ProtocolHandler ["http-nio-8080"]
00:34:36.494+0900 [main] INFO  org.springframework.boot.web.embedded.tomcat.TomcatWebServer - Tomcat started on port(s): 8080 (http) with context path ''
00:34:36.500+0900 [main] INFO  bibimbap.openstack.imageboard.ImageboardApplication - Started ImageboardApplication in 2.666 seconds (JVM running for 3.056)
00:35:10.704+0900 [SpringApplicationShutdownHook] INFO  org.springframework.orm.jpa.LocalContainerEntityManagerFactoryBean - Closing JPA EntityManagerFactory for persistence unit 'default'
00:35:10.706+0900 [SpringApplicationShutdownHook] INFO  com.zaxxer.hikari.HikariDataSource - HikariPool-1 - Shutdown initiated...
00:35:10.709+0900 [SpringApplicationShutdownHook] INFO  com.zaxxer.hikari.HikariDataSource - HikariPool-1 - Shutdown completed.
